{
  "numTotalTestSuites": 4,
  "numPassedTestSuites": 4,
  "numFailedTestSuites": 0,
  "numPendingTestSuites": 0,
  "numTotalTests": 12,
  "numPassedTests": 12,
  "numFailedTests": 0,
  "numPendingTests": 0,
  "numTodoTests": 0,
  "snapshot": {
    "added": 0,
    "failure": false,
    "filesAdded": 0,
    "filesRemoved": 0,
    "filesRemovedList": [],
    "filesUnmatched": 0,
    "filesUpdated": 0,
    "matched": 3,
    "total": 3,
    "unchecked": 0,
    "uncheckedKeysByFile": [],
    "unmatched": 0,
    "updated": 0,
    "didUpdate": false
  },
  "startTime": 1758526907371,
  "success": true,
  "testResults": [
    {
      "assertionResults": [
        {
          "ancestorTitles": [
            "Finnish Holidays for 2024"
          ],
          "fullName": "Finnish Holidays for 2024 should include Independence Day",
          "status": "passed",
          "title": "should include Independence Day",
          "duration": 13.77075400000001,
          "failureMessages": [],
          "meta": {}
        },
        {
          "ancestorTitles": [
            "Finnish Holidays for 2024"
          ],
          "fullName": "Finnish Holidays for 2024 should include all fixed-date public holidays",
          "status": "passed",
          "title": "should include all fixed-date public holidays",
          "duration": 0.6896300000000224,
          "failureMessages": [],
          "meta": {}
        },
        {
          "ancestorTitles": [
            "Finnish Holidays for 2024"
          ],
          "fullName": "Finnish Holidays for 2024 should include all calculated moving holidays",
          "status": "passed",
          "title": "should include all calculated moving holidays",
          "duration": 0.6966630000000009,
          "failureMessages": [],
          "meta": {}
        },
        {
          "ancestorTitles": [
            "Finnish Holidays for 2024"
          ],
          "fullName": "Finnish Holidays for 2024 should match the full holiday list snapshot",
          "status": "passed",
          "title": "should match the full holiday list snapshot",
          "duration": 1.5963680000000409,
          "failureMessages": [],
          "meta": {}
        },
        {
          "ancestorTitles": [
            "Finnish Holidays for 2025"
          ],
          "fullName": "Finnish Holidays for 2025 should include Independence Day",
          "status": "passed",
          "title": "should include Independence Day",
          "duration": 0.4186339999999973,
          "failureMessages": [],
          "meta": {}
        },
        {
          "ancestorTitles": [
            "Finnish Holidays for 2025"
          ],
          "fullName": "Finnish Holidays for 2025 should include all fixed-date public holidays",
          "status": "passed",
          "title": "should include all fixed-date public holidays",
          "duration": 1.4988559999999893,
          "failureMessages": [],
          "meta": {}
        },
        {
          "ancestorTitles": [
            "Finnish Holidays for 2025"
          ],
          "fullName": "Finnish Holidays for 2025 should include all calculated moving holidays",
          "status": "passed",
          "title": "should include all calculated moving holidays",
          "duration": 0.6203290000000266,
          "failureMessages": [],
          "meta": {}
        },
        {
          "ancestorTitles": [
            "Finnish Holidays for 2025"
          ],
          "fullName": "Finnish Holidays for 2025 should match the full holiday list snapshot",
          "status": "passed",
          "title": "should match the full holiday list snapshot",
          "duration": 0.5722380000000271,
          "failureMessages": [],
          "meta": {}
        },
        {
          "ancestorTitles": [
            "Finnish Holidays for 2026"
          ],
          "fullName": "Finnish Holidays for 2026 should include Independence Day",
          "status": "passed",
          "title": "should include Independence Day",
          "duration": 0.5399980000000255,
          "failureMessages": [],
          "meta": {}
        },
        {
          "ancestorTitles": [
            "Finnish Holidays for 2026"
          ],
          "fullName": "Finnish Holidays for 2026 should include all fixed-date public holidays",
          "status": "passed",
          "title": "should include all fixed-date public holidays",
          "duration": 0.3221229999999764,
          "failureMessages": [],
          "meta": {}
        },
        {
          "ancestorTitles": [
            "Finnish Holidays for 2026"
          ],
          "fullName": "Finnish Holidays for 2026 should include all calculated moving holidays",
          "status": "passed",
          "title": "should include all calculated moving holidays",
          "duration": 0.36939599999999473,
          "failureMessages": [],
          "meta": {}
        },
        {
          "ancestorTitles": [
            "Finnish Holidays for 2026"
          ],
          "fullName": "Finnish Holidays for 2026 should match the full holiday list snapshot",
          "status": "passed",
          "title": "should match the full holiday list snapshot",
          "duration": 0.40286700000001474,
          "failureMessages": [],
          "meta": {}
        }
      ],
      "startTime": 1758526907673,
      "endTime": 1758526907695.4028,
      "status": "passed",
      "message": "",
      "name": "/home/alex/Web Projects/finnish-holidays/tests/holiday.test.ts"
    }
  ]
}
