{
  "numTotalTestSuites": 4,
  "numPassedTestSuites": 4,
  "numFailedTestSuites": 0,
  "numPendingTestSuites": 0,
  "numTotalTests": 12,
  "numPassedTests": 12,
  "numFailedTests": 0,
  "numPendingTests": 0,
  "numTodoTests": 0,
  "snapshot": {
    "added": 0,
    "failure": false,
    "filesAdded": 0,
    "filesRemoved": 0,
    "filesRemovedList": [],
    "filesUnmatched": 0,
    "filesUpdated": 0,
    "matched": 3,
    "total": 3,
    "unchecked": 0,
    "uncheckedKeysByFile": [],
    "unmatched": 0,
    "updated": 0,
    "didUpdate": false
  },
  "startTime": 1758275441709,
  "success": true,
  "testResults": [
    {
      "assertionResults": [
        {
          "ancestorTitles": [
            "Finnish Holidays for 2024"
          ],
          "fullName": "Finnish Holidays for 2024 should include Independence Day",
          "status": "passed",
          "title": "should include Independence Day",
          "duration": 2.868739000000005,
          "failureMessages": [],
          "meta": {}
        },
        {
          "ancestorTitles": [
            "Finnish Holidays for 2024"
          ],
          "fullName": "Finnish Holidays for 2024 should include all fixed-date public holidays",
          "status": "passed",
          "title": "should include all fixed-date public holidays",
          "duration": 0.4757329999999911,
          "failureMessages": [],
          "meta": {}
        },
        {
          "ancestorTitles": [
            "Finnish Holidays for 2024"
          ],
          "fullName": "Finnish Holidays for 2024 should include all calculated moving holidays",
          "status": "passed",
          "title": "should include all calculated moving holidays",
          "duration": 0.5234359999999469,
          "failureMessages": [],
          "meta": {}
        },
        {
          "ancestorTitles": [
            "Finnish Holidays for 2024"
          ],
          "fullName": "Finnish Holidays for 2024 should match the full holiday list snapshot",
          "status": "passed",
          "title": "should match the full holiday list snapshot",
          "duration": 1.4424329999999372,
          "failureMessages": [],
          "meta": {}
        },
        {
          "ancestorTitles": [
            "Finnish Holidays for 2025"
          ],
          "fullName": "Finnish Holidays for 2025 should include Independence Day",
          "status": "passed",
          "title": "should include Independence Day",
          "duration": 0.3354029999999284,
          "failureMessages": [],
          "meta": {}
        },
        {
          "ancestorTitles": [
            "Finnish Holidays for 2025"
          ],
          "fullName": "Finnish Holidays for 2025 should include all fixed-date public holidays",
          "status": "passed",
          "title": "should include all fixed-date public holidays",
          "duration": 0.17868299999997816,
          "failureMessages": [],
          "meta": {}
        },
        {
          "ancestorTitles": [
            "Finnish Holidays for 2025"
          ],
          "fullName": "Finnish Holidays for 2025 should include all calculated moving holidays",
          "status": "passed",
          "title": "should include all calculated moving holidays",
          "duration": 0.3796230000000378,
          "failureMessages": [],
          "meta": {}
        },
        {
          "ancestorTitles": [
            "Finnish Holidays for 2025"
          ],
          "fullName": "Finnish Holidays for 2025 should match the full holiday list snapshot",
          "status": "passed",
          "title": "should match the full holiday list snapshot",
          "duration": 0.5229969999999184,
          "failureMessages": [],
          "meta": {}
        },
        {
          "ancestorTitles": [
            "Finnish Holidays for 2026"
          ],
          "fullName": "Finnish Holidays for 2026 should include Independence Day",
          "status": "passed",
          "title": "should include Independence Day",
          "duration": 0.2563389999999117,
          "failureMessages": [],
          "meta": {}
        },
        {
          "ancestorTitles": [
            "Finnish Holidays for 2026"
          ],
          "fullName": "Finnish Holidays for 2026 should include all fixed-date public holidays",
          "status": "passed",
          "title": "should include all fixed-date public holidays",
          "duration": 0.2862450000000081,
          "failureMessages": [],
          "meta": {}
        },
        {
          "ancestorTitles": [
            "Finnish Holidays for 2026"
          ],
          "fullName": "Finnish Holidays for 2026 should include all calculated moving holidays",
          "status": "passed",
          "title": "should include all calculated moving holidays",
          "duration": 0.2835810000000265,
          "failureMessages": [],
          "meta": {}
        },
        {
          "ancestorTitles": [
            "Finnish Holidays for 2026"
          ],
          "fullName": "Finnish Holidays for 2026 should match the full holiday list snapshot",
          "status": "passed",
          "title": "should match the full holiday list snapshot",
          "duration": 0.3886039999999866,
          "failureMessages": [],
          "meta": {}
        }
      ],
      "startTime": 1758275442666,
      "endTime": 1758275442673.3887,
      "status": "passed",
      "message": "",
      "name": "/home/alex/Web Projects/finnish-holidays/tests/holiday.test.ts"
    }
  ]
}
