
 RUN  v3.2.4 /home/alex/Web Projects/finnish-holidays
      Coverage enabled with v8

 ✓ tests/holiday.test.ts > Finnish Holidays Library > Year 2024 > includes all fixed-date public holidays 1ms
 ✓ tests/holiday.test.ts > Finnish Holidays Library > Year 2024 > includes all Easter-related holidays 0ms
 ✓ tests/holiday.test.ts > Finnish Holidays Library > Year 2024 > includes Midsummer Day 2ms
 ✓ tests/holiday.test.ts > Finnish Holidays Library > Year 2024 > aggregated getHolidays returns correct total count 0ms
 ✓ tests/holiday.test.ts > Finnish Holidays Library > Year 2024 > matches snapshot for full holiday list 2ms
 ✓ tests/holiday.test.ts > Finnish Holidays Library > Year 2024 > has correctly formatted dates 0ms
 ✓ tests/holiday.test.ts > Finnish Holidays Library > Year 2024 > returns consistent dates for fixed holidays across multiple years 0ms
 ✓ tests/holiday.test.ts > Finnish Holidays Library > Year 2025 > includes all fixed-date public holidays 0ms
 ✓ tests/holiday.test.ts > Finnish Holidays Library > Year 2025 > includes all Easter-related holidays 0ms
 ✓ tests/holiday.test.ts > Finnish Holidays Library > Year 2025 > includes Midsummer Day 0ms
 ✓ tests/holiday.test.ts > Finnish Holidays Library > Year 2025 > aggregated getHolidays returns correct total count 0ms
 ✓ tests/holiday.test.ts > Finnish Holidays Library > Year 2025 > matches snapshot for full holiday list 0ms
 ✓ tests/holiday.test.ts > Finnish Holidays Library > Year 2025 > has correctly formatted dates 0ms
 ✓ tests/holiday.test.ts > Finnish Holidays Library > Year 2025 > returns consistent dates for fixed holidays across multiple years 0ms
 ✓ tests/holiday.test.ts > Finnish Holidays Library > Year 2026 > includes all fixed-date public holidays 0ms
 ✓ tests/holiday.test.ts > Finnish Holidays Library > Year 2026 > includes all Easter-related holidays 0ms
 ✓ tests/holiday.test.ts > Finnish Holidays Library > Year 2026 > includes Midsummer Day 0ms
 ✓ tests/holiday.test.ts > Finnish Holidays Library > Year 2026 > aggregated getHolidays returns correct total count 0ms
 ✓ tests/holiday.test.ts > Finnish Holidays Library > Year 2026 > matches snapshot for full holiday list 0ms
 ✓ tests/holiday.test.ts > Finnish Holidays Library > Year 2026 > has correctly formatted dates 0ms
 ✓ tests/holiday.test.ts > Finnish Holidays Library > Year 2026 > returns consistent dates for fixed holidays across multiple years 0ms
 ✓ tests/holiday.test.ts > Finnish Holidays Library > Year 2032 > includes all fixed-date public holidays 0ms
 ✓ tests/holiday.test.ts > Finnish Holidays Library > Year 2032 > includes all Easter-related holidays 0ms
 ✓ tests/holiday.test.ts > Finnish Holidays Library > Year 2032 > includes Midsummer Day 0ms
 ✓ tests/holiday.test.ts > Finnish Holidays Library > Year 2032 > aggregated getHolidays returns correct total count 0ms
 ✓ tests/holiday.test.ts > Finnish Holidays Library > Year 2032 > matches snapshot for full holiday list 0ms
 ✓ tests/holiday.test.ts > Finnish Holidays Library > Year 2032 > has correctly formatted dates 0ms
 ✓ tests/holiday.test.ts > Finnish Holidays Library > Year 2032 > returns consistent dates for fixed holidays across multiple years 0ms

  Snapshots  3 obsolete
             ↳ tests/holiday.test.ts
               · Finnish Holidays for 2024 > should match the full holiday list snapshot 1
               · Finnish Holidays for 2025 > should match the full holiday list snapshot 1
               · Finnish Holidays for 2026 > should match the full holiday list snapshot 1

 Test Files  1 passed (1)
      Tests  28 passed (28)
   Start at  14:35:32
   Duration  390ms (transform 43ms, setup 0ms, collect 40ms, tests 27ms, environment 0ms, prepare 80ms)

{"numTotalTestSuites":6,"numPassedTestSuites":6,"numFailedTestSuites":0,"numPendingTestSuites":0,"numTotalTests":28,"numPassedTests":28,"numFailedTests":0,"numPendingTests":0,"numTodoTests":0,"snapshot":{"added":0,"failure":false,"filesAdded":0,"filesRemoved":0,"filesRemovedList":[],"filesUnmatched":0,"filesUpdated":0,"matched":4,"total":4,"unchecked":3,"uncheckedKeysByFile":[{"filePath":"/home/alex/Web Projects/finnish-holidays/tests/holiday.test.ts","keys":["Finnish Holidays for 2024 > should match the full holiday list snapshot 1","Finnish Holidays for 2025 > should match the full holiday list snapshot 1","Finnish Holidays for 2026 > should match the full holiday list snapshot 1"]}],"unmatched":0,"updated":0,"didUpdate":false},"startTime":1758540932113,"success":true,"testResults":[{"assertionResults":[{"ancestorTitles":["Finnish Holidays Library","Year 2024"],"fullName":"Finnish Holidays Library Year 2024 includes all fixed-date public holidays","status":"passed","title":"includes all fixed-date public holidays","duration":1.343640999999991,"failureMessages":[],"meta":{}},{"ancestorTitles":["Finnish Holidays Library","Year 2024"],"fullName":"Finnish Holidays Library Year 2024 includes all Easter-related holidays","status":"passed","title":"includes all Easter-related holidays","duration":0.2894420000000082,"failureMessages":[],"meta":{}},{"ancestorTitles":["Finnish Holidays Library","Year 2024"],"fullName":"Finnish Holidays Library Year 2024 includes Midsummer Day","status":"passed","title":"includes Midsummer Day","duration":1.8163099999999872,"failureMessages":[],"meta":{}},{"ancestorTitles":["Finnish Holidays Library","Year 2024"],"fullName":"Finnish Holidays Library Year 2024 aggregated getHolidays returns correct total count","status":"passed","title":"aggregated getHolidays returns correct total count","duration":0.0926260000000525,"failureMessages":[],"meta":{}},{"ancestorTitles":["Finnish Holidays Library","Year 2024"],"fullName":"Finnish Holidays Library Year 2024 matches snapshot for full holiday list","status":"passed","title":"matches snapshot for full holiday list","duration":1.8201579999999922,"failureMessages":[],"meta":{}},{"ancestorTitles":["Finnish Holidays Library","Year 2024"],"fullName":"Finnish Holidays Library Year 2024 has correctly formatted dates","status":"passed","title":"has correctly formatted dates","duration":0.34977099999997563,"failureMessages":[],"meta":{}},{"ancestorTitles":["Finnish Holidays Library","Year 2024"],"fullName":"Finnish Holidays Library Year 2024 returns consistent dates for fixed holidays across multiple years","status":"passed","title":"returns consistent dates for fixed holidays across multiple years","duration":0.12742500000001655,"failureMessages":[],"meta":{}},{"ancestorTitles":["Finnish Holidays Library","Year 2025"],"fullName":"Finnish Holidays Library Year 2025 includes all fixed-date public holidays","status":"passed","title":"includes all fixed-date public holidays","duration":0.2711729999999761,"failureMessages":[],"meta":{}},{"ancestorTitles":["Finnish Holidays Library","Year 2025"],"fullName":"Finnish Holidays Library Year 2025 includes all Easter-related holidays","status":"passed","title":"includes all Easter-related holidays","duration":0.18551300000001447,"failureMessages":[],"meta":{}},{"ancestorTitles":["Finnish Holidays Library","Year 2025"],"fullName":"Finnish Holidays Library Year 2025 includes Midsummer Day","status":"passed","title":"includes Midsummer Day","duration":0.2790719999999851,"failureMessages":[],"meta":{}},{"ancestorTitles":["Finnish Holidays Library","Year 2025"],"fullName":"Finnish Holidays Library Year 2025 aggregated getHolidays returns correct total count","status":"passed","title":"aggregated getHolidays returns correct total count","duration":0.05009499999999889,"failureMessages":[],"meta":{}},{"ancestorTitles":["Finnish Holidays Library","Year 2025"],"fullName":"Finnish Holidays Library Year 2025 matches snapshot for full holiday list","status":"passed","title":"matches snapshot for full holiday list","duration":0.28083099999997785,"failureMessages":[],"meta":{}},{"ancestorTitles":["Finnish Holidays Library","Year 2025"],"fullName":"Finnish Holidays Library Year 2025 has correctly formatted dates","status":"passed","title":"has correctly formatted dates","duration":0.2041430000000446,"failureMessages":[],"meta":{}},{"ancestorTitles":["Finnish Holidays Library","Year 2025"],"fullName":"Finnish Holidays Library Year 2025 returns consistent dates for fixed holidays across multiple years","status":"passed","title":"returns consistent dates for fixed holidays across multiple years","duration":0.043079999999974916,"failureMessages":[],"meta":{}},{"ancestorTitles":["Finnish Holidays Library","Year 2026"],"fullName":"Finnish Holidays Library Year 2026 includes all fixed-date public holidays","status":"passed","title":"includes all fixed-date public holidays","duration":0.24229199999996354,"failureMessages":[],"meta":{}},{"ancestorTitles":["Finnish Holidays Library","Year 2026"],"fullName":"Finnish Holidays Library Year 2026 includes all Easter-related holidays","status":"passed","title":"includes all Easter-related holidays","duration":0.14742599999999584,"failureMessages":[],"meta":{}},{"ancestorTitles":["Finnish Holidays Library","Year 2026"],"fullName":"Finnish Holidays Library Year 2026 includes Midsummer Day","status":"passed","title":"includes Midsummer Day","duration":0.20635899999996354,"failureMessages":[],"meta":{}},{"ancestorTitles":["Finnish Holidays Library","Year 2026"],"fullName":"Finnish Holidays Library Year 2026 aggregated getHolidays returns correct total count","status":"passed","title":"aggregated getHolidays returns correct total count","duration":0.046644000000014785,"failureMessages":[],"meta":{}},{"ancestorTitles":["Finnish Holidays Library","Year 2026"],"fullName":"Finnish Holidays Library Year 2026 matches snapshot for full holiday list","status":"passed","title":"matches snapshot for full holiday list","duration":0.29275599999999713,"failureMessages":[],"meta":{}},{"ancestorTitles":["Finnish Holidays Library","Year 2026"],"fullName":"Finnish Holidays Library Year 2026 has correctly formatted dates","status":"passed","title":"has correctly formatted dates","duration":0.20282600000001594,"failureMessages":[],"meta":{}},{"ancestorTitles":["Finnish Holidays Library","Year 2026"],"fullName":"Finnish Holidays Library Year 2026 returns consistent dates for fixed holidays across multiple years","status":"passed","title":"returns consistent dates for fixed holidays across multiple years","duration":0.041624999999953616,"failureMessages":[],"meta":{}},{"ancestorTitles":["Finnish Holidays Library","Year 2032"],"fullName":"Finnish Holidays Library Year 2032 includes all fixed-date public holidays","status":"passed","title":"includes all fixed-date public holidays","duration":0.2859100000000012,"failureMessages":[],"meta":{}},{"ancestorTitles":["Finnish Holidays Library","Year 2032"],"fullName":"Finnish Holidays Library Year 2032 includes all Easter-related holidays","status":"passed","title":"includes all Easter-related holidays","duration":0.14989700000000994,"failureMessages":[],"meta":{}},{"ancestorTitles":["Finnish Holidays Library","Year 2032"],"fullName":"Finnish Holidays Library Year 2032 includes Midsummer Day","status":"passed","title":"includes Midsummer Day","duration":0.20871599999998125,"failureMessages":[],"meta":{}},{"ancestorTitles":["Finnish Holidays Library","Year 2032"],"fullName":"Finnish Holidays Library Year 2032 aggregated getHolidays returns correct total count","status":"passed","title":"aggregated getHolidays returns correct total count","duration":0.07073000000002594,"failureMessages":[],"meta":{}},{"ancestorTitles":["Finnish Holidays Library","Year 2032"],"fullName":"Finnish Holidays Library Year 2032 matches snapshot for full holiday list","status":"passed","title":"matches snapshot for full holiday list","duration":0.23212100000000646,"failureMessages":[],"meta":{}},{"ancestorTitles":["Finnish Holidays Library","Year 2032"],"fullName":"Finnish Holidays Library Year 2032 has correctly formatted dates","status":"passed","title":"has correctly formatted dates","duration":0.21132299999999304,"failureMessages":[],"meta":{}},{"ancestorTitles":["Finnish Holidays Library","Year 2032"],"fullName":"Finnish Holidays Library Year 2032 returns consistent dates for fixed holidays across multiple years","status":"passed","title":"returns consistent dates for fixed holidays across multiple years","duration":0.0569449999999847,"failureMessages":[],"meta":{}}],"startTime":1758540932427,"endTime":1758540932439.2114,"status":"passed","message":"","name":"/home/alex/Web Projects/finnish-holidays/tests/holiday.test.ts"}],"coverageMap":{"/home/alex/Web Projects/finnish-holidays/src/handler.ts":{"path":"/home/alex/Web Projects/finnish-holidays/src/handler.ts","all":false,"statementMap":{"0":{"start":{"line":1,"column":0},"end":{"line":1,"column":33}},"13":{"start":{"line":14,"column":0},"end":{"line":14,"column":71}},"18":{"start":{"line":19,"column":0},"end":{"line":19,"column":55}},"19":{"start":{"line":20,"column":0},"end":{"line":20,"column":19}},"20":{"start":{"line":21,"column":0},"end":{"line":21,"column":53}},"21":{"start":{"line":22,"column":0},"end":{"line":22,"column":47}},"22":{"start":{"line":23,"column":0},"end":{"line":23,"column":46}},"23":{"start":{"line":24,"column":0},"end":{"line":24,"column":55}},"24":{"start":{"line":25,"column":0},"end":{"line":25,"column":56}},"25":{"start":{"line":26,"column":0},"end":{"line":26,"column":54}},"26":{"start":{"line":27,"column":0},"end":{"line":27,"column":51}},"27":{"start":{"line":28,"column":0},"end":{"line":28,"column":6}},"29":{"start":{"line":30,"column":0},"end":{"line":30,"column":30}},"30":{"start":{"line":31,"column":0},"end":{"line":31,"column":63}},"31":{"start":{"line":32,"column":0},"end":{"line":32,"column":21}},"32":{"start":{"line":33,"column":0},"end":{"line":33,"column":23}},"33":{"start":{"line":34,"column":0},"end":{"line":34,"column":8}},"34":{"start":{"line":35,"column":0},"end":{"line":35,"column":2}},"39":{"start":{"line":40,"column":0},"end":{"line":40,"column":53}},"40":{"start":{"line":41,"column":0},"end":{"line":41,"column":24}},"41":{"start":{"line":42,"column":0},"end":{"line":42,"column":37}},"42":{"start":{"line":43,"column":0},"end":{"line":43,"column":25}},"43":{"start":{"line":44,"column":0},"end":{"line":44,"column":32}},"44":{"start":{"line":45,"column":0},"end":{"line":45,"column":20}},"45":{"start":{"line":46,"column":0},"end":{"line":46,"column":39}},"46":{"start":{"line":47,"column":0},"end":{"line":47,"column":42}},"47":{"start":{"line":48,"column":0},"end":{"line":48,"column":45}},"48":{"start":{"line":49,"column":0},"end":{"line":49,"column":32}},"49":{"start":{"line":50,"column":0},"end":{"line":50,"column":20}},"50":{"start":{"line":51,"column":0},"end":{"line":51,"column":47}},"51":{"start":{"line":52,"column":0},"end":{"line":52,"column":54}},"52":{"start":{"line":53,"column":0},"end":{"line":53,"column":34}},"53":{"start":{"line":54,"column":0},"end":{"line":54,"column":58}},"54":{"start":{"line":55,"column":0},"end":{"line":55,"column":29}},"55":{"start":{"line":56,"column":0},"end":{"line":56,"column":44}},"56":{"start":{"line":57,"column":0},"end":{"line":57,"column":2}},"61":{"start":{"line":62,"column":0},"end":{"line":62,"column":56}},"62":{"start":{"line":63,"column":0},"end":{"line":63,"column":41}},"64":{"start":{"line":65,"column":0},"end":{"line":65,"column":12}},"65":{"start":{"line":66,"column":0},"end":{"line":66,"column":9}},"66":{"start":{"line":67,"column":0},"end":{"line":67,"column":56}},"67":{"start":{"line":68,"column":0},"end":{"line":68,"column":32}},"68":{"start":{"line":69,"column":0},"end":{"line":69,"column":27}},"69":{"start":{"line":70,"column":0},"end":{"line":70,"column":10}},"70":{"start":{"line":71,"column":0},"end":{"line":71,"column":9}},"71":{"start":{"line":72,"column":0},"end":{"line":72,"column":55}},"72":{"start":{"line":73,"column":0},"end":{"line":73,"column":34}},"73":{"start":{"line":74,"column":0},"end":{"line":74,"column":27}},"74":{"start":{"line":75,"column":0},"end":{"line":75,"column":10}},"75":{"start":{"line":76,"column":0},"end":{"line":76,"column":9}},"76":{"start":{"line":77,"column":0},"end":{"line":77,"column":56}},"77":{"start":{"line":78,"column":0},"end":{"line":78,"column":34}},"78":{"start":{"line":79,"column":0},"end":{"line":79,"column":27}},"79":{"start":{"line":80,"column":0},"end":{"line":80,"column":10}},"80":{"start":{"line":81,"column":0},"end":{"line":81,"column":9}},"81":{"start":{"line":82,"column":0},"end":{"line":82,"column":56}},"82":{"start":{"line":83,"column":0},"end":{"line":83,"column":30}},"83":{"start":{"line":84,"column":0},"end":{"line":84,"column":27}},"84":{"start":{"line":85,"column":0},"end":{"line":85,"column":10}},"85":{"start":{"line":86,"column":0},"end":{"line":86,"column":6}},"86":{"start":{"line":87,"column":0},"end":{"line":87,"column":2}},"91":{"start":{"line":92,"column":0},"end":{"line":92,"column":49}},"92":{"start":{"line":93,"column":0},"end":{"line":93,"column":58}},"93":{"start":{"line":94,"column":0},"end":{"line":94,"column":63}},"94":{"start":{"line":95,"column":0},"end":{"line":95,"column":51}},"95":{"start":{"line":96,"column":0},"end":{"line":96,"column":64}},"97":{"start":{"line":98,"column":0},"end":{"line":98,"column":12}},"98":{"start":{"line":99,"column":0},"end":{"line":99,"column":40}},"99":{"start":{"line":100,"column":0},"end":{"line":100,"column":30}},"100":{"start":{"line":101,"column":0},"end":{"line":101,"column":23}},"101":{"start":{"line":102,"column":0},"end":{"line":102,"column":6}},"102":{"start":{"line":103,"column":0},"end":{"line":103,"column":2}}},"s":{"0":1,"13":1,"18":1,"19":4,"20":4,"21":4,"22":4,"23":4,"24":4,"25":4,"26":4,"27":4,"29":4,"30":28,"31":28,"32":28,"33":4,"34":4,"39":1,"40":4,"41":4,"42":4,"43":4,"44":4,"45":4,"46":4,"47":4,"48":4,"49":4,"50":4,"51":4,"52":4,"53":4,"54":4,"55":4,"56":4,"61":1,"62":4,"64":4,"65":4,"66":4,"67":4,"68":4,"69":4,"70":4,"71":4,"72":4,"73":4,"74":4,"75":4,"76":4,"77":4,"78":4,"79":4,"80":4,"81":4,"82":4,"83":4,"84":4,"85":4,"86":4,"91":1,"92":4,"93":4,"94":4,"95":4,"97":4,"98":4,"99":4,"100":4,"101":4,"102":4},"branchMap":{"0":{"type":"branch","line":14,"loc":{"start":{"line":14,"column":19},"end":{"line":14,"column":71}},"locations":[{"start":{"line":14,"column":19},"end":{"line":14,"column":71}}]},"1":{"type":"branch","line":19,"loc":{"start":{"line":19,"column":25},"end":{"line":35,"column":2}},"locations":[{"start":{"line":19,"column":25},"end":{"line":35,"column":2}}]},"2":{"type":"branch","line":30,"loc":{"start":{"line":30,"column":21},"end":{"line":34,"column":6}},"locations":[{"start":{"line":30,"column":21},"end":{"line":34,"column":6}}]},"3":{"type":"branch","line":40,"loc":{"start":{"line":40,"column":24},"end":{"line":57,"column":2}},"locations":[{"start":{"line":40,"column":24},"end":{"line":57,"column":2}}]},"4":{"type":"branch","line":62,"loc":{"start":{"line":62,"column":26},"end":{"line":87,"column":2}},"locations":[{"start":{"line":62,"column":26},"end":{"line":87,"column":2}}]},"5":{"type":"branch","line":92,"loc":{"start":{"line":92,"column":21},"end":{"line":103,"column":2}},"locations":[{"start":{"line":92,"column":21},"end":{"line":103,"column":2}}]}},"b":{"0":[48],"1":[4],"2":[28],"3":[4],"4":[4],"5":[4]},"fnMap":{"0":{"name":"formatDate","decl":{"start":{"line":14,"column":19},"end":{"line":14,"column":71}},"loc":{"start":{"line":14,"column":19},"end":{"line":14,"column":71}},"line":14},"1":{"name":"getFixedHolidays","decl":{"start":{"line":19,"column":25},"end":{"line":35,"column":2}},"loc":{"start":{"line":19,"column":25},"end":{"line":35,"column":2}},"line":19},"2":{"name":"getEasterSunday","decl":{"start":{"line":40,"column":24},"end":{"line":57,"column":2}},"loc":{"start":{"line":40,"column":24},"end":{"line":57,"column":2}},"line":40},"3":{"name":"getEasterHolidays","decl":{"start":{"line":62,"column":26},"end":{"line":87,"column":2}},"loc":{"start":{"line":62,"column":26},"end":{"line":87,"column":2}},"line":62},"4":{"name":"getMidsummer","decl":{"start":{"line":92,"column":21},"end":{"line":103,"column":2}},"loc":{"start":{"line":92,"column":21},"end":{"line":103,"column":2}},"line":92}},"f":{"0":48,"1":4,"2":4,"3":4,"4":4}},"/home/alex/Web Projects/finnish-holidays/src/index.ts":{"path":"/home/alex/Web Projects/finnish-holidays/src/index.ts","all":false,"statementMap":{"0":{"start":{"line":1,"column":0},"end":{"line":1,"column":8}},"13":{"start":{"line":14,"column":0},"end":{"line":14,"column":50}},"14":{"start":{"line":15,"column":0},"end":{"line":15,"column":12}},"15":{"start":{"line":16,"column":0},"end":{"line":16,"column":34}},"16":{"start":{"line":17,"column":0},"end":{"line":17,"column":35}},"17":{"start":{"line":18,"column":0},"end":{"line":18,"column":26}},"18":{"start":{"line":19,"column":0},"end":{"line":19,"column":6}},"19":{"start":{"line":20,"column":0},"end":{"line":20,"column":2}}},"s":{"0":1,"13":1,"14":4,"15":4,"16":4,"17":4,"18":4,"19":4},"branchMap":{"0":{"type":"branch","line":14,"loc":{"start":{"line":14,"column":20},"end":{"line":20,"column":2}},"locations":[{"start":{"line":14,"column":20},"end":{"line":20,"column":2}}]}},"b":{"0":[4]},"fnMap":{"0":{"name":"getHolidays","decl":{"start":{"line":14,"column":20},"end":{"line":20,"column":2}},"loc":{"start":{"line":14,"column":20},"end":{"line":20,"column":2}},"line":14}},"f":{"0":4}},"/home/alex/Web Projects/finnish-holidays/playground.ts":{"path":"/home/alex/Web Projects/finnish-holidays/playground.ts","all":true,"statementMap":{"0":{"start":{"line":1,"column":0},"end":{"line":1,"column":46}},"1":{"start":{"line":2,"column":0},"end":{"line":2,"column":18}},"2":{"start":{"line":3,"column":0},"end":{"line":3,"column":44}},"3":{"start":{"line":4,"column":0},"end":{"line":4,"column":31}}},"s":{"0":0,"1":0,"2":0,"3":0},"branchMap":{"0":{"type":"branch","line":1,"loc":{"start":{"line":1,"column":0},"end":{"line":4,"column":31}},"locations":[{"start":{"line":1,"column":0},"end":{"line":4,"column":31}}]}},"b":{"0":[0]},"fnMap":{"0":{"name":"(empty-report)","decl":{"start":{"line":1,"column":0},"end":{"line":4,"column":31}},"loc":{"start":{"line":1,"column":0},"end":{"line":4,"column":31}},"line":1}},"f":{"0":0}}}}
 % Coverage report from v8
-------------------|---------|----------|---------|---------|-------------------
File               | % Stmts | % Branch | % Funcs | % Lines | Uncovered Line #s 
-------------------|---------|----------|---------|---------|-------------------
All files          |   95.23 |     87.5 |   85.71 |   95.23 |                   
 finnish-holidays  |       0 |        0 |       0 |       0 |                   
  playground.ts    |       0 |        0 |       0 |       0 | 1-4               
 ...h-holidays/src |     100 |      100 |     100 |     100 |                   
  handler.ts       |     100 |      100 |     100 |     100 |                   
  index.ts         |     100 |      100 |     100 |     100 |                   
-------------------|---------|----------|---------|---------|-------------------
